Determining if the pthread_create exist failed with the following output:
Change Dir: /home/xichao/dlib-19.16/examples/build/CMakeFiles/CMakeTmp

Run Build Command:"/usr/bin/make" "cmTC_3c090/fast"
/usr/bin/make -f CMakeFiles/cmTC_3c090.dir/build.make CMakeFiles/cmTC_3c090.dir/build
make[1]: Entering directory '/home/xichao/dlib-19.16/examples/build/CMakeFiles/CMakeTmp'
Building C object CMakeFiles/cmTC_3c090.dir/CheckSymbolExists.c.o
/usr/bin/cc    -o CMakeFiles/cmTC_3c090.dir/CheckSymbolExists.c.o   -c /home/xichao/dlib-19.16/examples/build/CMakeFiles/CMakeTmp/CheckSymbolExists.c
Linking C executable cmTC_3c090
/home/xichao/miniconda3/bin/cmake -E cmake_link_script CMakeFiles/cmTC_3c090.dir/link.txt --verbose=1
/usr/bin/cc      -rdynamic CMakeFiles/cmTC_3c090.dir/CheckSymbolExists.c.o  -o cmTC_3c090 
CMakeFiles/cmTC_3c090.dir/CheckSymbolExists.c.o：在函数‘main’中：
CheckSymbolExists.c:(.text+0x16)：对‘pthread_create’未定义的引用
collect2: error: ld returned 1 exit status
CMakeFiles/cmTC_3c090.dir/build.make:86: recipe for target 'cmTC_3c090' failed
make[1]: *** [cmTC_3c090] Error 1
make[1]: Leaving directory '/home/xichao/dlib-19.16/examples/build/CMakeFiles/CMakeTmp'
Makefile:121: recipe for target 'cmTC_3c090/fast' failed
make: *** [cmTC_3c090/fast] Error 2

File /home/xichao/dlib-19.16/examples/build/CMakeFiles/CMakeTmp/CheckSymbolExists.c:
/* */
#include <pthread.h>

int main(int argc, char** argv)
{
  (void)argv;
#ifndef pthread_create
  return ((int*)(&pthread_create))[argc];
#else
  (void)argc;
  return 0;
#endif
}

Determining if the function pthread_create exists in the pthreads failed with the following output:
Change Dir: /home/xichao/dlib-19.16/examples/build/CMakeFiles/CMakeTmp

Run Build Command:"/usr/bin/make" "cmTC_1a31d/fast"
/usr/bin/make -f CMakeFiles/cmTC_1a31d.dir/build.make CMakeFiles/cmTC_1a31d.dir/build
make[1]: Entering directory '/home/xichao/dlib-19.16/examples/build/CMakeFiles/CMakeTmp'
Building C object CMakeFiles/cmTC_1a31d.dir/CheckFunctionExists.c.o
/usr/bin/cc   -DCHECK_FUNCTION_EXISTS=pthread_create   -o CMakeFiles/cmTC_1a31d.dir/CheckFunctionExists.c.o   -c /home/xichao/miniconda3/share/cmake-3.12/Modules/CheckFunctionExists.c
Linking C executable cmTC_1a31d
/home/xichao/miniconda3/bin/cmake -E cmake_link_script CMakeFiles/cmTC_1a31d.dir/link.txt --verbose=1
/usr/bin/cc  -DCHECK_FUNCTION_EXISTS=pthread_create    -rdynamic CMakeFiles/cmTC_1a31d.dir/CheckFunctionExists.c.o  -o cmTC_1a31d -lpthreads 
/usr/bin/ld: 找不到 -lpthreads
collect2: error: ld returned 1 exit status
CMakeFiles/cmTC_1a31d.dir/build.make:86: recipe for target 'cmTC_1a31d' failed
make[1]: *** [cmTC_1a31d] Error 1
make[1]: Leaving directory '/home/xichao/dlib-19.16/examples/build/CMakeFiles/CMakeTmp'
Makefile:121: recipe for target 'cmTC_1a31d/fast' failed
make: *** [cmTC_1a31d/fast] Error 2


